#
# There is insufficient memory for the Java Runtime Environment to continue.
# Native memory allocation (malloc) failed to allocate 2030240 bytes for Chunk::new
# Possible reasons:
#   The system is out of physical RAM or swap space
#   In 32 bit mode, the process size limit was hit
# Possible solutions:
#   Reduce memory load on the system
#   Increase physical memory or swap space
#   Check if swap backing store is full
#   Use 64 bit Java on a 64 bit OS
#   Decrease Java heap size (-Xmx/-Xms)
#   Decrease number of Java threads
#   Decrease Java thread stack sizes (-Xss)
#   Set larger code cache with -XX:ReservedCodeCacheSize=
# This output file may be truncated or incomplete.
#
#  Out of Memory Error (allocation.cpp:390), pid=5204, tid=0x0000000000001e38
#
# JRE version: OpenJDK Runtime Environment (8.0_112-b06) (build 1.8.0_112-release-b06)
# Java VM: OpenJDK 64-Bit Server VM (25.112-b06 mixed mode windows-amd64 compressed oops)
# Failed to write core dump. Minidumps are not enabled by default on client versions of Windows
#

---------------  T H R E A D  ---------------

Current thread (0x00000000168ec800):  
[error occurred during error reporting (printing current thread), id 0xc0000005]

Stack: [0x0000000017f30000,0x0000000018030000]
[error occurred during error reporting (printing stack bounds), id 0xc0000005]

Native frames: (J=compiled Java code, j=interpreted, Vv=VM code, C=native code)


Current CompileTask:
C2:   8303 1645       4       java.net.URLClassLoader$1::run (5 bytes)


---------------  P R O C E S S  ---------------

Java Threads: ( => current thread )
  0x0000000019668800 JavaThread "pool-1-thread-1" [_thread_blocked, id=5788, stack(0x000000001af20000,0x000000001b020000)]
  0x0000000019759000 JavaThread "Stdin handler" [_thread_blocked, id=9068, stack(0x000000001ae20000,0x000000001af20000)]
  0x0000000019757800 JavaThread "Asynchronous log dispatcher for DefaultDaemonConnection: socket connection from /127.0.0.1:59911 to /127.0.0.1:59912" [_thread_blocked, id=9312, stack(0x000000001ad20000,0x000000001ae20000)]
  0x0000000019a39000 
[error occurred during error reporting (printing all threads), id 0xc0000005]

VM state:at safepoint (normal execution)

VM Mutex/Monitor currently owned by a thread:  ([mutex/lock_event])
[0x0000000002d7c6f0] Threads_lock - owner thread: 0x00000000168b5800
[0x0000000002d7cbf0] Heap_lock - owner thread: 0x0000000019a39000

Heap:
 PSYoungGen      total 38912K, used 6120K [0x00000000e0000000, 0x00000000e2c00000, 0x0000000100000000)
  eden space 32768K, 0% used [0x00000000e0000000,0x00000000e0000000,0x00000000e2000000)
  from space 6144K, 99% used [0x00000000e2000000,0x00000000e25fa020,0x00000000e2600000)
  to   space 6144K, 0% used [0x00000000e2600000,0x00000000e2600000,0x00000000e2c00000)
 ParOldGen       total 44032K, used 7618K [0x00000000a0000000, 0x00000000a2b00000, 0x00000000e0000000)
  object space 44032K, 17% used [0x00000000a0000000,0x00000000a0770ba8,0x00000000a2b00000)
 Metaspace       used 20775K, capacity 21100K, committed 21296K, reserved 1067008K
  class space    used 2755K, capacity 2865K, committed 2944K, reserved 1048576K

Card table byte_map: [0x0000000012340000,0x0000000012650000] byte_map_base: 0x0000000011e40000

Marking Bits: (ParMarkBitMap*) 0x00000000551418f0
 Begin Bits: [0x0000000012c50000, 0x0000000014450000)
 End Bits:   [0x0000000014450000, 0x0000000015c50000)

Polling page: 0x0000000001030000

CodeCache: size=245760Kb used=5875Kb max_used=5875Kb free=239885Kb
 bounds [0x0000000002f80000, 0x0000000003540000, 0x0000000011f80000]
 total_blobs=2136 nmethods=1732 adapters=317
 compilation: enabled

Compilation events (10 events):
Event: 8.152 Thread 0x00000000168f5000 1777       3       groovy.lang.MetaClassImpl::makeReplacementMetaProperty (241 bytes)
Event: 8.155 Thread 0x00000000168f5000 nmethod 1777 0x0000000003538f90 code [0x0000000003539300, 0x000000000353b528]
Event: 8.165 Thread 0x00000000168f5000 1778       3       org.codehaus.groovy.reflection.CachedMethod$MyComparator::compare (43 bytes)
Event: 8.166 Thread 0x00000000168f5000 nmethod 1778 0x000000000353c2d0 code [0x000000000353c500, 0x000000000353d308]
Event: 8.166 Thread 0x00000000168f5000 1779       3       org.codehaus.groovy.reflection.CachedMethod::compareToMethod (125 bytes)
Event: 8.168 Thread 0x00000000168f5000 nmethod 1779 0x000000000353d610 code [0x000000000353d880, 0x000000000353ed48]
Event: 8.168 Thread 0x00000000168f5000 1780       1       groovy.lang.MetaProperty::getType (5 bytes)
Event: 8.169 Thread 0x00000000168f5000 nmethod 1780 0x000000000353f5d0 code [0x000000000353f720, 0x000000000353f830]
Event: 8.169 Thread 0x00000000168f5000 1781       3       org.codehaus.groovy.util.ComplexKeyHashMap$1::next (5 bytes)
Event: 8.169 Thread 0x00000000168f5000 nmethod 1781 0x000000000353f890 code [0x000000000353fa00, 0x000000000353fba8]

GC Heap History (10 events):
Event: 3.574 GC heap after
Heap after GC invocations=3 (full 0):
 PSYoungGen      total 18944K, used 2553K [0x00000000e0000000, 0x00000000e1500000, 0x0000000100000000)
  eden space 16384K, 0% used [0x00000000e0000000,0x00000000e0000000,0x00000000e1000000)
  from space 2560K, 99% used [0x00000000e1000000,0x00000000e127e698,0x00000000e1280000)
  to   space 2560K, 0% used [0x00000000e1280000,0x00000000e1280000,0x00000000e1500000)
 ParOldGen       total 44032K, used 1537K [0x00000000a0000000, 0x00000000a2b00000, 0x00000000e0000000)
  object space 44032K, 3% used [0x00000000a0000000,0x00000000a01807f8,0x00000000a2b00000)
 Metaspace       used 8610K, capacity 8806K, committed 8960K, reserved 1056768K
  class space    used 1087K, capacity 1185K, committed 1280K, reserved 1048576K
}
Event: 5.164 GC heap before
{Heap before GC invocations=4 (full 0):
 PSYoungGen      total 18944K, used 18937K [0x00000000e0000000, 0x00000000e1500000, 0x0000000100000000)
  eden space 16384K, 100% used [0x00000000e0000000,0x00000000e1000000,0x00000000e1000000)
  from space 2560K, 99% used [0x00000000e1000000,0x00000000e127e698,0x00000000e1280000)
  to   space 2560K, 0% used [0x00000000e1280000,0x00000000e1280000,0x00000000e1500000)
 ParOldGen       total 44032K, used 1537K [0x00000000a0000000, 0x00000000a2b00000, 0x00000000e0000000)
  object space 44032K, 3% used [0x00000000a0000000,0x00000000a01807f8,0x00000000a2b00000)
 Metaspace       used 12970K, capacity 13320K, committed 13440K, reserved 1060864K
  class space    used 1715K, capacity 1833K, committed 1920K, reserved 1048576K
Event: 5.172 GC heap after
Heap after GC invocations=4 (full 0):
 PSYoungGen      total 18944K, used 2544K [0x00000000e0000000, 0x00000000e1500000, 0x0000000100000000)
  eden space 16384K, 0% used [0x00000000e0000000,0x00000000e0000000,0x00000000e1000000)
  from space 2560K, 99% used [0x00000000e1280000,0x00000000e14fc030,0x00000000e1500000)
  to   space 2560K, 0% used [0x00000000e1000000,0x00000000e1000000,0x00000000e1280000)
 ParOldGen       total 44032K, used 3826K [0x00000000a0000000, 0x00000000a2b00000, 0x00000000e0000000)
  object space 44032K, 8% used [0x00000000a0000000,0x00000000a03bc860,0x00000000a2b00000)
 Metaspace       used 12970K, capacity 13320K, committed 13440K, reserved 1060864K
  class space    used 1715K, capacity 1833K, committed 1920K, reserved 1048576K
}
Event: 5.433 GC heap before
{Heap before GC invocations=5 (full 0):
 PSYoungGen      total 18944K, used 18928K [0x00000000e0000000, 0x00000000e1500000, 0x0000000100000000)
  eden space 16384K, 100% used [0x00000000e0000000,0x00000000e1000000,0x00000000e1000000)
  from space 2560K, 99% used [0x00000000e1280000,0x00000000e14fc030,0x00000000e1500000)
  to   space 2560K, 0% used [0x00000000e1000000,0x00000000e1000000,0x00000000e1280000)
 ParOldGen       total 44032K, used 3826K [0x00000000a0000000, 0x00000000a2b00000, 0x00000000e0000000)
  object space 44032K, 8% used [0x00000000a0000000,0x00000000a03bc860,0x00000000a2b00000)
 Metaspace       used 14404K, capacity 14632K, committed 14976K, reserved 1062912K
  class space    used 1955K, capacity 2057K, committed 2176K, reserved 1048576K
Event: 5.439 GC heap after
Heap after GC invocations=5 (full 0):
 PSYoungGen      total 18944K, used 2528K [0x00000000e0000000, 0x00000000e2c00000, 0x0000000100000000)
  eden space 16384K, 0% used [0x00000000e0000000,0x00000000e0000000,0x00000000e1000000)
  from space 2560K, 98% used [0x00000000e1000000,0x00000000e1278020,0x00000000e1280000)
  to   space 6144K, 0% used [0x00000000e2600000,0x00000000e2600000,0x00000000e2c00000)
 ParOldGen       total 44032K, used 5992K [0x00000000a0000000, 0x00000000a2b00000, 0x00000000e0000000)
  object space 44032K, 13% used [0x00000000a0000000,0x00000000a05da330,0x00000000a2b00000)
 Metaspace       used 14404K, capacity 14632K, committed 14976K, reserved 1062912K
  class space    used 1955K, capacity 2057K, committed 2176K, reserved 1048576K
}
Event: 5.969 GC heap before
{Heap before GC invocations=6 (full 0):
 PSYoungGen      total 18944K, used 18912K [0x00000000e0000000, 0x00000000e2c00000, 0x0000000100000000)
  eden space 16384K, 100% used [0x00000000e0000000,0x00000000e1000000,0x00000000e1000000)
  from space 2560K, 98% used [0x00000000e1000000,0x00000000e1278020,0x00000000e1280000)
  to   space 6144K, 0% used [0x00000000e2600000,0x00000000e2600000,0x00000000e2c00000)
 ParOldGen       total 44032K, used 5992K [0x00000000a0000000, 0x00000000a2b00000, 0x00000000e0000000)
  object space 44032K, 13% used [0x00000000a0000000,0x00000000a05da330,0x00000000a2b00000)
 Metaspace       used 16466K, capacity 16768K, committed 17024K, reserved 1064960K
  class space    used 2282K, capacity 2381K, committed 2432K, reserved 1048576K
Event: 5.981 GC heap after
Heap after GC invocations=6 (full 0):
 PSYoungGen      total 38912K, used 4705K [0x00000000e0000000, 0x00000000e2c00000, 0x0000000100000000)
  eden space 32768K, 0% used [0x00000000e0000000,0x00000000e0000000,0x00000000e2000000)
  from space 6144K, 76% used [0x00000000e2600000,0x00000000e2a98400,0x00000000e2c00000)
  to   space 6144K, 0% used [0x00000000e2000000,0x00000000e2000000,0x00000000e2600000)
 ParOldGen       total 44032K, used 6000K [0x00000000a0000000, 0x00000000a2b00000, 0x00000000e0000000)
  object space 44032K, 13% used [0x00000000a0000000,0x00000000a05dc330,0x00000000a2b00000)
 Metaspace       used 16466K, capacity 16768K, committed 17024K, reserved 1064960K
  class space    used 2282K, capacity 2381K, committed 2432K, reserved 1048576K
}
Event: 8.192 GC heap before
{Heap before GC invocations=7 (full 0):
 PSYoungGen      total 38912K, used 26901K [0x00000000e0000000, 0x00000000e2c00000, 0x0000000100000000)
  eden space 32768K, 67% used [0x00000000e0000000,0x00000000e15ad248,0x00000000e2000000)
  from space 6144K, 76% used [0x00000000e2600000,0x00000000e2a98400,0x00000000e2c00000)
  to   space 6144K, 0% used [0x00000000e2000000,0x00000000e2000000,0x00000000e2600000)
 ParOldGen       total 44032K, used 6000K [0x00000000a0000000, 0x00000000a2b00000, 0x00000000e0000000)
  object space 44032K, 13% used [0x00000000a0000000,0x00000000a05dc330,0x00000000a2b00000)
 Metaspace       used 20775K, capacity 21100K, committed 21296K, reserved 1067008K
  class space    used 2755K, capacity 2865K, committed 2944K, reserved 1048576K
Event: 8.223 GC heap after
Heap after GC invocations=7 (full 0):
 PSYoungGen      total 38912K, used 6120K [0x00000000e0000000, 0x00000000e2c00000, 0x0000000100000000)
  eden space 32768K, 0% used [0x00000000e0000000,0x00000000e0000000,0x00000000e2000000)
  from space 6144K, 99% used [0x00000000e2000000,0x00000000e25fa020,0x00000000e2600000)
  to   space 6144K, 0% used [0x00000000e2600000,0x00000000e2600000,0x00000000e2c00000)
 ParOldGen       total 44032K, used 7618K [0x00000000a0000000, 0x00000000a2b00000, 0x00000000e0000000)
  object space 44032K, 17% used [0x00000000a0000000,0x00000000a0770ba8,0x00000000a2b00000)
 Metaspace       used 20775K, capacity 21100K, committed 21296K, reserved 1067008K
  class space    used 2755K, capacity 2865K, committed 2944K, reserved 1048576K
}
Event: 8.223 GC heap before
{Heap before GC invocations=8 (full 1):
 PSYoungGen      total 38912K, used 6120K [0x00000000e0000000, 0x00000000e2c00000, 0x0000000100000000)
  eden space 32768K, 0% used [0x00000000e0000000,0x00000000e0000000,0x00000000e2000000)
  from space 6144K, 99% used [0x00000000e2000000,0x00000000e25fa020,0x00000000e2600000)
  to   space 6144K, 0% used [0x00000000e2600000,0x00000000e2600000,0x00000000e2c00000)
 ParOldGen       total 44032K, used 7618K [0x00000000a0000000, 0x00000000a2b00000, 0x00000000e0000000)
  object space 44032K, 17% used [0x00000000a0000000,0x00000000a0770ba8,0x00000000a2b00000)
 Metaspace       used 20775K, capacity 21100K, committed 21296K, reserved 1067008K
  class space    used 2755K, capacity 2865K, committed 2944K, reserved 1048576K

Deoptimization events (10 events):
Event: 6.035 Thread 0x0000000019a39000 Uncommon trap: reason=class_check action=maybe_recompile pc=0x000000000315a768 method=java.lang.String.equals(Ljava/lang/Object;)Z @ 8
Event: 6.255 Thread 0x0000000019a39000 Uncommon trap: reason=bimorphic action=maybe_recompile pc=0x0000000003405510 method=java.lang.ClassLoader.loadClass(Ljava/lang/String;Z)Ljava/lang/Class; @ 38
Event: 6.255 Thread 0x0000000019a39000 Uncommon trap: reason=bimorphic action=maybe_recompile pc=0x0000000003405510 method=java.lang.ClassLoader.loadClass(Ljava/lang/String;Z)Ljava/lang/Class; @ 38
Event: 6.257 Thread 0x0000000019a39000 Uncommon trap: reason=class_check action=maybe_recompile pc=0x0000000003162358 method=sun.misc.URLClassPath.getLoader(I)Lsun/misc/URLClassPath$Loader; @ 94
Event: 6.257 Thread 0x0000000019a39000 Uncommon trap: reason=class_check action=maybe_recompile pc=0x000000000327c92c method=sun.misc.URLClassPath.getResource(Ljava/lang/String;Z)Lsun/misc/Resource; @ 62
Event: 6.324 Thread 0x0000000019a39000 Uncommon trap: reason=bimorphic action=maybe_recompile pc=0x0000000003405510 method=java.lang.ClassLoader.loadClass(Ljava/lang/String;Z)Ljava/lang/Class; @ 38
Event: 6.325 Thread 0x0000000019a39000 Uncommon trap: reason=bimorphic action=maybe_recompile pc=0x0000000003405510 method=java.lang.ClassLoader.loadClass(Ljava/lang/String;Z)Ljava/lang/Class; @ 38
Event: 7.783 Thread 0x0000000019a39000 Uncommon trap: reason=class_check action=maybe_recompile pc=0x00000000031624e8 method=sun.misc.URLClassPath.getLoader(I)Lsun/misc/URLClassPath$Loader; @ 193
Event: 7.817 Thread 0x0000000019a39000 Uncommon trap: reason=class_check action=maybe_recompile pc=0x00000000031624e8 method=sun.misc.URLClassPath.getLoader(I)Lsun/misc/URLClassPath$Loader; @ 193
Event: 7.995 Thread 0x0000000019a39000 Uncommon trap: reason=class_check action=maybe_recompile pc=0x00000000031624e8 method=sun.misc.URLClassPath.getLoader(I)Lsun/misc/URLClassPath$Loader; @ 193

Internal exceptions (10 events):
Event: 7.794 Thread 0x0000000019a39000 Exception <a 'java/lang/ClassNotFoundException': org/gradle/groovy/scripts/BasicScriptCustomizer> (0x00000000e10042f0) thrown at [C:\src\android\AOSP-openjdk\external\jetbrains\jdk\hotspot\src\share\vm\classfile\systemDictionary.cpp, line 210]
Event: 7.797 Thread 0x0000000019a39000 Exception <a 'java/lang/ClassNotFoundException': org/gradle/groovy/scripts/DefaultScriptCustomizer> (0x00000000e10209b0) thrown at [C:\src\android\AOSP-openjdk\external\jetbrains\jdk\hotspot\src\share\vm\classfile\systemDictionary.cpp, line 210]
Event: 7.814 Thread 0x0000000019a39000 Exception <a 'java/lang/ClassNotFoundException': org/gradle/initialization/InitScriptCustomizer> (0x00000000e1068360) thrown at [C:\src\android\AOSP-openjdk\external\jetbrains\jdk\hotspot\src\share\vm\classfile\systemDictionary.cpp, line 210]
Event: 7.818 Thread 0x0000000019a39000 Exception <a 'java/lang/ClassNotFoundException': asLocalRepo64864_dxj4j1e9jop4jxbuo7kd65fh2Customizer> (0x00000000e107c1b0) thrown at [C:\src\android\AOSP-openjdk\external\jetbrains\jdk\hotspot\src\share\vm\classfile\systemDictionary.cpp, line 210]
Event: 7.980 Thread 0x0000000019a39000 Exception <a 'java/lang/ClassNotFoundException': org/gradle/api/internal/plugins/DefaultExtraPropertiesExtensionBeanInfo> (0x00000000e112b0a8) thrown at [C:\src\android\AOSP-openjdk\external\jetbrains\jdk\hotspot\src\share\vm\classfile\systemDictionary.cppÿVzu—ë@
Event: 7.980 Thread 0x0000000019a39000 Exception <a 'java/lang/ClassNotFoundException': org/gradle/api/internal/plugins/DefaultExtraPropertiesExtensionCustomizer> (0x00000000e113f4d8) thrown at [C:\src\android\AOSP-openjdk\external\jetbrains\jdk\hotspot\src\share\vm\classfile\systemDictionary.c×NÜB
Event: 8.001 Thread 0x0000000019a39000 Exception <a 'java/lang/ClassNotFoundException': groovy/lang/Closure$1BeanInfo> (0x00000000e11dae60) thrown at [C:\src\android\AOSP-openjdk\external\jetbrains\jdk\hotspot\src\share\vm\classfile\systemDictionary.cpp, line 210]
Event: 8.001 Thread 0x0000000019a39000 Exception <a 'java/lang/ClassNotFoundException': groovy/lang/ClosureBeanInfo> (0x00000000e11f0298) thrown at [C:\src\android\AOSP-openjdk\external\jetbrains\jdk\hotspot\src\share\vm\classfile\systemDictionary.cpp, line 210]
Event: 8.002 Thread 0x0000000019a39000 Exception <a 'java/lang/ClassNotFoundException': groovy/lang/ClosureCustomizer> (0x00000000e1205f30) thrown at [C:\src\android\AOSP-openjdk\external\jetbrains\jdk\hotspot\src\share\vm\classfile\systemDictionary.cpp, line 210]
Event: 8.026 Thread 0x0000000019a39000 Exception <a 'java/lang/ClassNotFoundException': groovy/lang/Closure$1Customizer> (0x00000000e1244c78) thrown at [C:\src\android\AOSP-openjdk\external\jetbrains\jdk\hotspot\src\share\vm\classfile\systemDictionary.cpp, line 210]

Events (10 events):
Event: 8.161 loading class org/codehaus/groovy/runtime/metaclass/ClosureMetaClass done
Event: 8.163 loading class org/codehaus/groovy/runtime/metaclass/ClosureMetaClass$1
Event: 8.163 loading class org/codehaus/groovy/runtime/metaclass/ClosureMetaClass$1 done
Event: 8.164 loading class org/codehaus/groovy/runtime/metaclass/ClosureMetaClass$MethodChooser
Event: 8.164 loading class org/codehaus/groovy/runtime/metaclass/ClosureMetaClass$MethodChooser done
Event: 8.170 loading class org/codehaus/groovy/runtime/metaclass/ClosureMetaClass$StandardClosureChooser
Event: 8.170 loading class org/codehaus/groovy/runtime/metaclass/ClosureMetaClass$StandardClosureChooser done
Event: 8.170 loading class org/codehaus/groovy/runtime/ArrayUtil
Event: 8.170 loading class org/codehaus/groovy/runtime/ArrayUtil done
Event: 8.192 Executing VM operation: CollectForMetadataAllocation


Dynamic libraries:
0x00007ff6a0b00000 - 0x00007ff6a0b31000 	D:\Program Files\Android Studio\jre\bin\java.exe
0x00007ff9bf990000 - 0x00007ff9bfb51000 	C:\WINDOWS\SYSTEM32\ntdll.dll
0x00007ff9bde00000 - 0x00007ff9bdead000 	C:\WINDOWS\system32\KERNEL32.DLL
0x00007ff9bc7b0000 - 0x00007ff9bc998000 	C:\WINDOWS\system32\KERNELBASE.dll
0x00007ff9bf700000 - 0x00007ff9bf7a7000 	C:\WINDOWS\system32\ADVAPI32.dll
0x00007ff9bd450000 - 0x00007ff9bd4ed000 	C:\WINDOWS\system32\msvcrt.dll
0x00007ff9bd640000 - 0x00007ff9bd69b000 	C:\WINDOWS\system32\sechost.dll
0x00007ff9bd830000 - 0x00007ff9bd94d000 	C:\WINDOWS\system32\RPCRT4.dll
0x00007ff9bdeb0000 - 0x00007ff9be006000 	C:\WINDOWS\system32\USER32.dll
0x00007ff9bd6a0000 - 0x00007ff9bd827000 	C:\WINDOWS\system32\GDI32.dll
0x00007ff9af440000 - 0x00007ff9af6b4000 	C:\WINDOWS\WinSxS\amd64_microsoft.windows.common-controls_6595b64144ccf1df_6.0.10586.839_none_a2ddba30a539a2ae\COMCTL32.dll
0x00007ff9bdb80000 - 0x00007ff9bddfe000 	C:\WINDOWS\system32\combase.dll
0x00007ff9bc040000 - 0x00007ff9bc0aa000 	C:\WINDOWS\system32\bcryptPrimitives.dll
0x00007ff9bd950000 - 0x00007ff9bd98b000 	C:\WINDOWS\system32\IMM32.DLL
0x0000000054500000 - 0x00000000545d2000 	D:\Program Files\Android Studio\jre\jre\bin\msvcr100.dll
0x0000000054980000 - 0x00000000551bc000 	D:\Program Files\Android Studio\jre\jre\bin\server\jvm.dll
0x00007ff9bce60000 - 0x00007ff9bce68000 	C:\WINDOWS\system32\PSAPI.DLL
0x00007ff9b0d20000 - 0x00007ff9b0d2a000 	C:\WINDOWS\SYSTEM32\VERSION.dll
0x00007ff9ba7a0000 - 0x00007ff9ba7c3000 	C:\WINDOWS\SYSTEM32\WINMM.dll
0x00007ff9b8ba0000 - 0x00007ff9b8ba9000 	C:\WINDOWS\SYSTEM32\WSOCK32.dll
0x00007ff9bf5e0000 - 0x00007ff9bf64b000 	C:\WINDOWS\system32\WS2_32.dll
0x0000000001510000 - 0x000000000153c000 	C:\WINDOWS\SYSTEM32\WINMMBASE.dll
0x00007ff9bcd40000 - 0x00007ff9bcd83000 	C:\WINDOWS\system32\cfgmgr32.dll
0x00007ff9ba850000 - 0x00007ff9ba85f000 	D:\Program Files\Android Studio\jre\jre\bin\verify.dll
0x00007ff9b6940000 - 0x00007ff9b6969000 	D:\Program Files\Android Studio\jre\jre\bin\java.dll
0x00007ff9b7850000 - 0x00007ff9b7866000 	D:\Program Files\Android Studio\jre\jre\bin\zip.dll
0x00007ff9be080000 - 0x00007ff9bf5dc000 	C:\WINDOWS\system32\SHELL32.dll
0x00007ff9bc160000 - 0x00007ff9bc7a5000 	C:\WINDOWS\system32\windows.storage.dll
0x00007ff9bce00000 - 0x00007ff9bce52000 	C:\WINDOWS\system32\shlwapi.dll
0x00007ff9bc010000 - 0x00007ff9bc01f000 	C:\WINDOWS\system32\kernel.appcore.dll
0x00007ff9bcc80000 - 0x00007ff9bcd35000 	C:\WINDOWS\system32\shcore.dll
0x00007ff9bbfc0000 - 0x00007ff9bc00b000 	C:\WINDOWS\system32\powrprof.dll
0x00007ff9bc020000 - 0x00007ff9bc034000 	C:\WINDOWS\system32\profapi.dll
0x00007ff9b4940000 - 0x00007ff9b495a000 	D:\Program Files\Android Studio\jre\jre\bin\net.dll
0x00007ff9bb880000 - 0x00007ff9bb8dc000 	C:\WINDOWS\system32\mswsock.dll
0x00007ff9b1b10000 - 0x00007ff9b1b21000 	D:\Program Files\Android Studio\jre\jre\bin\nio.dll
0x00007ff9b18d0000 - 0x00007ff9b18ee000 	C:\Users\Basim Raza\.gradle\native\23\windows-amd64\native-platform.dll
0x00007ff9bb930000 - 0x00007ff9bb947000 	C:\WINDOWS\SYSTEM32\CRYPTSP.dll
0x00007ff9bb5c0000 - 0x00007ff9bb5f4000 	C:\WINDOWS\system32\rsaenh.dll
0x00007ff9bbee0000 - 0x00007ff9bbf09000 	C:\WINDOWS\SYSTEM32\bcrypt.dll
0x00007ff9bb710000 - 0x00007ff9bb72f000 	C:\WINDOWS\SYSTEM32\USERENV.dll
0x00007ff9bba50000 - 0x00007ff9bba5b000 	C:\WINDOWS\SYSTEM32\CRYPTBASE.dll
0x00007ff9b3dd0000 - 0x00007ff9b3e08000 	C:\WINDOWS\SYSTEM32\IPHLPAPI.DLL
0x00007ff9bd990000 - 0x00007ff9bd998000 	C:\WINDOWS\system32\NSI.dll
0x00007ff9b2c80000 - 0x00007ff9b2c96000 	C:\WINDOWS\SYSTEM32\dhcpcsvc6.DLL
0x00007ff9b3210000 - 0x00007ff9b322a000 	C:\WINDOWS\SYSTEM32\dhcpcsvc.DLL
0x00007ff9b9ae0000 - 0x00007ff9b9aed000 	D:\Program Files\Android Studio\jre\jre\bin\management.dll

VM Arguments:
jvm_args: -Xmx1536m -Dfile.encoding=windows-1252 -Duser.country=US -Duser.language=en -Duser.variant 
java_command: org.gradle.launcher.daemon.bootstrap.GradleDaemon 3.3
java_class_path (initial): C:\Users\Basim Raza\.gradle\wrapper\dists\gradle-3.3-all\55gk2rcmfc6p2dg9u9ohc3hw9\gradle-3.3\lib\gradle-launcher-3.3.jar
Launcher Type: SUN_STANDARD

Environment Variables:
JAVA_HOME=C:\Program Files\Java\jdk1.8.0_144
CLASSPATH=C:\Program Files\Java\jdk1.8.0_144\jre\lib;
PATH=C:\ProgramData\Oracle\Java\javapath;C:\Program Files (x86)\Intel\iCLS Client\;C:\Program Files\Intel\iCLS Client\;C:\WINDOWS\system32;C:\WINDOWS;C:\WINDOWS\System32\Wbem;C:\WINDOWS\System32\WindowsPowerShell\v1.0\;C:\Program Files\Java\jdk1.8.0_144\bin;C:\Program Files\Intel\Intel(R) Management Engine Components\DAL;C:\Program Files (x86)\Intel\Intel(R) Management Engine Components\DAL;C:\Program Files (x86)\Intel\Intel(R) Management Engine Components\IPT;C:\Program Files\Intel\Intel(R) Management Engine Components\IPT
USERNAME=Basim Raza
OS=Windows_NT
PROCESSOR_IDENTIFIER=Intel64 Family 6 Model 61 Stepping 4, GenuineIntel



---------------  S Y S T E M  ---------------

OS: Windows 10.0 , 64 bit Build 10586 (10.0.10586.589)

CPU:total 4 (2 cores per cpu, 2 threads per core) family 6 model 61 stepping 4, cmov, cx8, fxsr, mmx, sse, sse2, sse3, ssse3, sse4.1, sse4.2, popcnt, avx, avx2, aes, clmul, erms, 3dnowpref, lzcnt, ht, tsc, tscinvbit, bmi1, bmi2, adx

Memory: 4k page, physical 4107800k(514736k free), swap 5211608k(6036k free)

vm_info: OpenJDK 64-Bit Server VM (25.112-b06) for windows-amd64 JRE (1.8.0_112-release-b06), built on Dec  8 2016 00:54:26 by "builder" with MS VC++ 10.0 (VS2010)

time: Sat Jan 18 19:57:19 2020
elapsed time: 8 seconds (0d 0h 0m 8s)

